<?xml version="1.0" encoding="UTF-8"?>
<!-- Generated by org.testng.reporters.JUnitXMLReporter -->
<testsuite ignored="0" hostname="EPINPUNW009D" failures="0" tests="1" name="Test2" time="0.823" errors="0" timestamp="2024-08-11T21:06:08 IST">
  <testcase classname="tests.ParametersTest" name="@BeforeClass setup" time="0.817">
    <failure type="org.openqa.selenium.SessionNotCreatedException" message="session not created: This version of ChromeDriver only supports Chrome version 114
Current browser version is 127.0.6533.100 with binary path C:\Program Files\Google\Chrome\Application\chrome.exe
Build info: version: &amp;apos;3.141.59&amp;apos;, revision: &amp;apos;e82be7d358&amp;apos;, time: &amp;apos;2018-11-14T08:17:03&amp;apos;
System info: host: &amp;apos;EPINPUNW009D&amp;apos;, ip: &amp;apos;192.168.29.157&amp;apos;, os.name: &amp;apos;Windows 11&amp;apos;, os.arch: &amp;apos;amd64&amp;apos;, os.version: &amp;apos;10.0&amp;apos;, java.version: &amp;apos;22.0.1&amp;apos;
Driver info: driver.version: ChromeDriver
remote stacktrace: Backtrace:
	GetHandleVerifier [0x0082A813+48355]
	(No symbol) [0x007BC4B1]
	(No symbol) [0x006C5358]
	(No symbol) [0x006E61AC]
	(No symbol) [0x006E1EF3]
	(No symbol) [0x006E0579]
	(No symbol) [0x00710C55]
	(No symbol) [0x0071093C]
	(No symbol) [0x0070A536]
	(No symbol) [0x006E82DC]
	(No symbol) [0x006E93DD]
	GetHandleVerifier [0x00A8AABD+2539405]
	GetHandleVerifier [0x00ACA78F+2800735]
	GetHandleVerifier [0x00AC456C+2775612]
	GetHandleVerifier [0x008B51E0+616112]
	(No symbol) [0x007C5F8C]
	(No symbol) [0x007C2328]
	(No symbol) [0x007C240B]
	(No symbol) [0x007B4FF7]
	(No symbol) [0x76A37BA9]
	RtlInitializeExceptionChain [0x7722C10B+107]
	RtlClearBits [0x7722C08F+191]
">
      <![CDATA[org.openqa.selenium.SessionNotCreatedException: session not created: This version of ChromeDriver only supports Chrome version 114
Current browser version is 127.0.6533.100 with binary path C:\Program Files\Google\Chrome\Application\chrome.exe
Build info: version: '3.141.59', revision: 'e82be7d358', time: '2018-11-14T08:17:03'
System info: host: 'EPINPUNW009D', ip: '192.168.29.157', os.name: 'Windows 11', os.arch: 'amd64', os.version: '10.0', java.version: '22.0.1'
Driver info: driver.version: ChromeDriver
remote stacktrace: Backtrace:
GetHandleVerifier [0x0082A813+48355]
(No symbol) [0x007BC4B1]
(No symbol) [0x006C5358]
(No symbol) [0x006E61AC]
(No symbol) [0x006E1EF3]
(No symbol) [0x006E0579]
(No symbol) [0x00710C55]
(No symbol) [0x0071093C]
(No symbol) [0x0070A536]
(No symbol) [0x006E82DC]
(No symbol) [0x006E93DD]
GetHandleVerifier [0x00A8AABD+2539405]
GetHandleVerifier [0x00ACA78F+2800735]
GetHandleVerifier [0x00AC456C+2775612]
GetHandleVerifier [0x008B51E0+616112]
(No symbol) [0x007C5F8C]
(No symbol) [0x007C2328]
(No symbol) [0x007C240B]
(No symbol) [0x007B4FF7]
(No symbol) [0x76A37BA9]
RtlInitializeExceptionChain [0x7722C10B+107]
RtlClearBits [0x7722C08F+191]

at org.openqa.selenium.remote.W3CHandshakeResponse.lambda$errorHandler$0(W3CHandshakeResponse.java:62)
at org.openqa.selenium.remote.HandshakeResponse.lambda$getResponseFunction$0(HandshakeResponse.java:30)
at org.openqa.selenium.remote.ProtocolHandshake.lambda$createSession$0(ProtocolHandshake.java:126)
at java.base/java.util.stream.ReferencePipeline$3$1.accept(ReferencePipeline.java:212)
at java.base/java.util.Spliterators$ArraySpliterator.tryAdvance(Spliterators.java:1034)
at java.base/java.util.stream.ReferencePipeline.forEachWithCancel(ReferencePipeline.java:144)
at java.base/java.util.stream.AbstractPipeline.copyIntoWithCancel(AbstractPipeline.java:574)
at java.base/java.util.stream.AbstractPipeline.copyInto(AbstractPipeline.java:560)
at java.base/java.util.stream.AbstractPipeline.wrapAndCopyInto(AbstractPipeline.java:546)
at java.base/java.util.stream.FindOps$FindOp.evaluateSequential(FindOps.java:150)
at java.base/java.util.stream.AbstractPipeline.evaluate(AbstractPipeline.java:265)
at java.base/java.util.stream.ReferencePipeline.findFirst(ReferencePipeline.java:662)
at org.openqa.selenium.remote.ProtocolHandshake.createSession(ProtocolHandshake.java:128)
at org.openqa.selenium.remote.ProtocolHandshake.createSession(ProtocolHandshake.java:74)
at org.openqa.selenium.remote.HttpCommandExecutor.execute(HttpCommandExecutor.java:136)
at org.openqa.selenium.remote.service.DriverCommandExecutor.execute(DriverCommandExecutor.java:83)
at org.openqa.selenium.remote.RemoteWebDriver.execute(RemoteWebDriver.java:552)
at org.openqa.selenium.remote.RemoteWebDriver.startSession(RemoteWebDriver.java:213)
at org.openqa.selenium.remote.RemoteWebDriver.<init>(RemoteWebDriver.java:131)
at org.openqa.selenium.chrome.ChromeDriver.<init>(ChromeDriver.java:181)
at org.openqa.selenium.chrome.ChromeDriver.<init>(ChromeDriver.java:168)
at org.openqa.selenium.chrome.ChromeDriver.<init>(ChromeDriver.java:123)
at tests.ParametersTest.setup(ParametersTest.java:26)
at java.base/java.util.ArrayList.forEach(ArrayList.java:1597)
... Removed 26 stack frames]]>
    </failure>
  </testcase> <!-- @BeforeClass setup -->
  <testcase classname="tests.ParametersTest" name="@AfterClass teardown" time="-1.723390568896E9">
    <skipped/>
  </testcase> <!-- @AfterClass teardown -->
  <testcase classname="tests.ParametersTest" name="pageTitle" time="0.0">
    <skipped/>
  </testcase> <!-- pageTitle -->
</testsuite> <!-- Test2 -->
